\BOOKMARK [1][-]{section.0.1}{\376\377\000I\000n\000t\000r\000o\000d\000u\000c\000t\000i\000o\000n}{}% 1
\BOOKMARK [1][-]{section.0.2}{\376\377\000B\000a\000c\000k\000g\000r\000o\000u\000n\000d}{}% 2
\BOOKMARK [1][-]{section.0.3}{\376\377\000I\000n\000i\000t\000i\000a\000l\000\040\000R\000e\000c\000o\000n\000n\000a\000i\000s\000s\000a\000n\000c\000e}{}% 3
\BOOKMARK [2][-]{subsection.0.3.1}{\376\377\000G\000l\000i\000b\000c\000\040\000V\000e\000r\000s\000i\000o\000n}{section.0.3}% 4
\BOOKMARK [2][-]{subsection.0.3.2}{\376\377\000B\000i\000n\000a\000r\000y\000\040\000M\000i\000t\000i\000g\000a\000t\000i\000o\000n\000s}{section.0.3}% 5
\BOOKMARK [1][-]{section.0.4}{\376\377\000P\000s\000e\000u\000d\000o\000c\000o\000d\000e\000\040\000R\000e\000v\000i\000e\000w}{}% 6
\BOOKMARK [2][-]{subsection.0.4.1}{\376\377\000r\000u\000n\000e\000\040\000S\000t\000r\000u\000c\000t}{section.0.4}% 7
\BOOKMARK [2][-]{subsection.0.4.2}{\376\377\000m\000a\000i\000n\000\050\000\051\000\040\000F\000u\000n\000c\000t\000i\000o\000n}{section.0.4}% 8
\BOOKMARK [2][-]{subsection.0.4.3}{\376\377\000s\000e\000t\000u\000p\000\050\000\051\000\040\000F\000u\000n\000c\000t\000i\000o\000n}{section.0.4}% 9
\BOOKMARK [2][-]{subsection.0.4.4}{\376\377\000c\000r\000e\000a\000t\000e\000\050\000\051\000\040\000F\000u\000n\000c\000t\000i\000o\000n}{section.0.4}% 10
\BOOKMARK [2][-]{subsection.0.4.5}{\376\377\000h\000a\000s\000h\000\050\000\051\000\040\000F\000u\000n\000c\000t\000i\000o\000n}{section.0.4}% 11
\BOOKMARK [2][-]{subsection.0.4.6}{\376\377\000d\000e\000l\000e\000t\000e\000\050\000\051\000\040\000F\000u\000n\000c\000t\000i\000o\000n}{section.0.4}% 12
\BOOKMARK [2][-]{subsection.0.4.7}{\376\377\000s\000h\000o\000w\000\050\000\051\000\040\000F\000u\000n\000c\000t\000i\000o\000n}{section.0.4}% 13
\BOOKMARK [2][-]{subsection.0.4.8}{\376\377\000e\000d\000i\000t\000\050\000\051\000\040\000F\000u\000n\000c\000t\000i\000o\000n}{section.0.4}% 14
\BOOKMARK [1][-]{section.0.5}{\376\377\000E\000x\000p\000l\000o\000i\000t\000a\000t\000i\000o\000n}{}% 15
\BOOKMARK [2][-]{subsection.0.5.1}{\376\377\000L\000e\000a\000k\000i\000n\000g\000\040\000H\000e\000a\000p\000\040\000A\000d\000d\000r\000e\000s\000s}{section.0.5}% 16
\BOOKMARK [2][-]{subsection.0.5.2}{\376\377\000L\000e\000a\000k\000i\000n\000g\000\040\000L\000i\000b\000c\000\040\000A\000d\000d\000r\000e\000s\000s}{section.0.5}% 17
\BOOKMARK [2][-]{subsection.0.5.3}{\376\377\000R\000e\000m\000o\000t\000e\000\040\000C\000o\000d\000e\000\040\000E\000x\000e\000c\000u\000t\000i\000o\000n}{section.0.5}% 18
\BOOKMARK [1][-]{section.0.6}{\376\377\000C\000o\000n\000c\000l\000u\000s\000i\000o\000n}{}% 19
\BOOKMARK [1][-]{section.0.7}{\376\377\000R\000e\000f\000e\000r\000e\000n\000c\000e\000s}{}% 20
